root - DEBUG - Watch out!
root - INFO - Watch out!
root - WARNING - Watch out!
root - CRITICAL - Watch out!
root - ERROR - Watch out!
root - DEBUG - Watch out!
root - INFO - Watch out!
root - WARNING - Watch out!
root - CRITICAL - Watch out!
root - ERROR - Watch out!
root - DEBUG - Watch out!
root - INFO - Watch out!
root - WARNING - Watch out!
root - CRITICAL - Watch out!
root - ERROR - Watch out!
root - DEBUG - Watch out!
root - INFO - Watch out!
root - WARNING - Watch out!
root - CRITICAL - Watch out!
root - ERROR - Watch out!
root - DEBUG - Watch out!
root - INFO - Watch out!
root - WARNING - Watch out!
root - CRITICAL - Watch out!
root - ERROR - Watch out!
root - DEBUG - Watch out!
root - INFO - Watch out!
root - WARNING - Watch out!
root - CRITICAL - Watch out!
root - ERROR - Watch out!
asyncio - DEBUG - Using selector: EpollSelector
